<?xml version="1.0" encoding="UTF-8"?>
<testsuite xmlns:xsi="http://www.w3.org/2001/XMLSchema-instance" xsi:noNamespaceSchemaLocation="https://maven.apache.org/surefire/maven-surefire-plugin/xsd/surefire-test-report.xsd" version="3.0.2" name="com.aliyun.oss.AliyunOssSpringBootAutoconfigureApplicationTests" time="2.585" tests="1" errors="0" skipped="0" failures="0">
  <properties>
[...]
</properties>
  <testcase name="contextLoads" classname="com.aliyun.oss.AliyunOssSpringBootAutoconfigureApplicationTests" time="0.802">
    <system-out><![CDATA[22:36:09.014 [main] INFO org.springframework.test.context.support.AnnotationConfigContextLoaderUtils -- Could not detect default configuration classes for test class [com.aliyun.oss.AliyunOssSpringBootAutoconfigureApplicationTests]: AliyunOssSpringBootAutoconfigureApplicationTests does not declare any static, non-private, non-final, nested classes annotated with @Configuration.
22:36:09.174 [main] INFO org.springframework.boot.test.context.SpringBootTestContextBootstrapper -- Found @SpringBootConfiguration com.aliyun.oss.AliyunOssSpringBootAutoconfigureApplication for test class com.aliyun.oss.AliyunOssSpringBootAutoconfigureApplicationTests

  .   ____          _            __ _ _
 /\\ / ___'_ __ _ _(_)_ __  __ _ \ \ \ \
( ( )\___ | '_ | '_| | '_ \/ _` | \ \ \ \
 \\/  ___)| |_)| | | | | || (_| |  ) ) ) )
  '  |____| .__|_| |_|_| |_\__, | / / / /
 =========|_|==============|___/=/_/_/_/

 :: Spring Boot ::                (v4.0.1)

2026-01-17T22:36:09.672+08:00  INFO 35396 --- [aliyun-oss-spring-boot-autoconfigure] [           main] sSpringBootAutoconfigureApplicationTests : Starting AliyunOssSpringBootAutoconfigureApplicationTests using Java 21.0.7 with PID 35396 (started by Lenovo in E:\Java代码\webaicode\aliyun-oss-spring-boot-autoconfigure)
2026-01-17T22:36:09.674+08:00  INFO 35396 --- [aliyun-oss-spring-boot-autoconfigure] [           main] sSpringBootAutoconfigureApplicationTests : No active profile set, falling back to 1 default profile: "default"
2026-01-17T22:36:10.533+08:00  INFO 35396 --- [aliyun-oss-spring-boot-autoconfigure] [           main] sSpringBootAutoconfigureApplicationTests : Started AliyunOssSpringBootAutoconfigureApplicationTests in 1.187 seconds (process running for 2.598)
]]></system-out>
    <system-err><![CDATA[Mockito is currently self-attaching to enable the inline-mock-maker. This will no longer work in future releases of the JDK. Please add Mockito as an agent to your build as described in Mockito's documentation: https://javadoc.io/doc/org.mockito/mockito-core/latest/org.mockito/org/mockito/Mockito.html#0.3
WARNING: A Java agent has been loaded dynamically (C:\Users\Lenovo\.m2\repository\net\bytebuddy\byte-buddy-agent\1.17.8\byte-buddy-agent-1.17.8.jar)
WARNING: If a serviceability tool is in use, please run with -XX:+EnableDynamicAgentLoading to hide this warning
WARNING: If a serviceability tool is not in use, please run with -Djdk.instrument.traceUsage for more information
WARNING: Dynamic loading of agents will be disallowed by default in a future release
]]></system-err>
  </testcase>
</testsuite>